-------------------------------------------------------------------------------
Test set: ie.atu.Passenger.PassengerApplicationTests
-------------------------------------------------------------------------------
Tests run: 1, Failures: 0, Errors: 1, Skipped: 0, Time elapsed: 0.184 s <<< FAILURE! - in ie.atu.Passenger.PassengerApplicationTests
ie.atu.Passenger.PassengerApplicationTests  Time elapsed: 0.184 s  <<< ERROR!
java.lang.IllegalStateException: Found multiple @SpringBootConfiguration annotated classes [Generic bean: class [ie.atu.Passenger.PassengerApplication]; scope=; abstract=false; lazyInit=null; autowireMode=0; dependencyCheck=0; autowireCandidate=true; primary=false; factoryBeanName=null; factoryMethodName=null; initMethodName=null; destroyMethodName=null; defined in file [C:\Users\g00370083\Desktop\The_Passenger\target\classes\ie\atu\Passenger\PassengerApplication.class], Generic bean: class [ie.atu.Passenger.PassengerService]; scope=; abstract=false; lazyInit=null; autowireMode=0; dependencyCheck=0; autowireCandidate=true; primary=false; factoryBeanName=null; factoryMethodName=null; initMethodName=null; destroyMethodName=null; defined in file [C:\Users\g00370083\Desktop\The_Passenger\target\classes\ie\atu\Passenger\PassengerService.class]]

